<?xml version="1.0" encoding="UTF-8"?>
<testng-results skipped="0" failed="0" total="1" passed="1">
  <reporter-output>
  </reporter-output>
  <suite name="Default suite" duration-ms="15231" started-at="2018-05-15T09:37:10Z" finished-at="2018-05-15T09:37:25Z">
    <groups>
    </groups>
    <test name="Default test" duration-ms="15231" started-at="2018-05-15T09:37:10Z" finished-at="2018-05-15T09:37:25Z">
      <class name="wordpress">
        <test-method status="PASS" signature="beforeMethod(java.lang.reflect.Method)[pri:0, instance:wordpress@b7f23d9]" name="beforeMethod" is-config="true" duration-ms="25" started-at="2018-05-15T15:07:11Z" finished-at="2018-05-15T15:07:11Z">
          <params>
            <param index="0">
              <value>
                <![CDATA[public void wordpress.login(java.lang.String,java.lang.String) throws java.io.IOException]]>
              </value>
            </param>
          </params>
          <reporter-output>
          </reporter-output>
        </test-method> <!-- beforeMethod -->
        <test-method status="PASS" signature="login(java.lang.String, java.lang.String)[pri:0, instance:wordpress@b7f23d9]" name="login" duration-ms="13597" started-at="2018-05-15T15:07:11Z" data-provider="wordpress" finished-at="2018-05-15T15:07:25Z">
          <params>
            <param index="0">
              <value>
                <![CDATA[Admin]]>
              </value>
            </param>
            <param index="1">
              <value>
                <![CDATA[Admin]]>
              </value>
            </param>
          </params>
          <reporter-output>
          </reporter-output>
        </test-method> <!-- login -->
        <test-method status="PASS" signature="afterMethod(org.testng.ITestResult)[pri:0, instance:wordpress@b7f23d9]" name="afterMethod" is-config="true" duration-ms="376" started-at="2018-05-15T15:07:25Z" finished-at="2018-05-15T15:07:25Z">
          <params>
            <param index="0">
              <value>
                <![CDATA[[TestResult name=login status=SUCCESS method=wordpress.login(java.lang.String, java.lang.String)[pri:0, instance:wordpress@b7f23d9] output={null}]]]>
              </value>
            </param>
          </params>
          <reporter-output>
          </reporter-output>
        </test-method> <!-- afterMethod -->
        <test-method status="PASS" signature="endTest()[pri:0, instance:wordpress@b7f23d9]" name="endTest" is-config="true" duration-ms="372" started-at="2018-05-15T15:07:25Z" finished-at="2018-05-15T15:07:25Z">
          <reporter-output>
          </reporter-output>
        </test-method> <!-- endTest -->
      </class> <!-- wordpress -->
    </test> <!-- Default test -->
  </suite> <!-- Default suite -->
</testng-results>
